<?xml version="1.0" encoding="UTF-8"?>
<!-- Generated by org.testng.reporters.JUnitReportReporter -->
<testsuite hostname="DESKTOP-DHKSQ0D" failures="0" tests="3" name="TestCases.TestFunctionality" time="2.463" errors="0" timestamp="2022-07-16T20:00:45 CDT" skipped="0">
  <testcase classname="TestCases.TestFunctionality" name="logInTest" time="1.818"/>
  <system-out/>
  <testcase classname="TestCases.TestFunctionality" name="logOut" time="0.644"/>
  <system-out/>
  <testcase classname="TestCases.TestFunctionality" name="titleTest" time="0.001"/>
  <system-out/>
</testsuite> <!-- TestCases.TestFunctionality -->
